<?xml version="1.0" encoding="UTF-8"?>
<!-- Generated by org.testng.reporters.JUnitReportReporter -->
<testsuite hostname="DESKTOP-GGQ6OF8" failures="0" tests="1" name="testlayer.HomePagetest" time="22.055" errors="0" timestamp="2025-03-09T23:27:55 IST" skipped="0">
  <testcase classname="testlayer.HomePagetest" name="HomePagetest" time="22.055"/>
  <system-out/>
</testsuite> <!-- testlayer.HomePagetest -->
