<?xml version="1.0" encoding="UTF-8"?>
<!-- Generated by org.testng.reporters.JUnitReportReporter -->
<testsuite hostname="DESKTOP-GGQ6OF8" failures="0" tests="1" name="testlayer.Logintest" time="18.631" errors="0" timestamp="2025-03-09T13:51:29 IST" skipped="0">
  <testcase classname="testlayer.Logintest" name="validatelogintest" time="18.631"/>
  <system-out/>
</testsuite> <!-- testlayer.Logintest -->
