<?xml version="1.0" encoding="UTF-8"?>
<!-- Generated by org.testng.reporters.JUnitReportReporter -->
<testsuite hostname="DESKTOP-GGQ6OF8" failures="0" tests="1" name="testlayer.Addtocarttest" time="4.137" errors="0" timestamp="2025-03-09T23:26:43 IST" skipped="0">
  <testcase classname="testlayer.Addtocarttest" name="validateaddtocarttest" time="4.137"/>
  <system-out/>
</testsuite> <!-- testlayer.Addtocarttest -->
